Using pre-set license
Built from '2020.2/staging' branch; Version is '2020.2.7f1 (c53830e277f1) revision 12924976'; Using compiler version '192528614'; Build Type 'Release'
OS: 'Windows 10 Pro; OS build 19041.928; Version 2004; 64bit' Language: 'en' Physical Memory: 8051 MB
BatchMode: 1, IsHumanControllingUs: 0, StartBugReporterOnCrash: 0, Is64bit: 1, IsPro: 0

 COMMAND LINE ARGUMENTS:
C:\Program Files\Unity\Hub\Editor\2020.2.7f1\Editor\Unity.exe
-adb2
-batchMode
-noUpm
-name
AssetImportWorker0
-projectPath
C:/Users/User/Desktop/master/Animacion Kompjuterik/unity/Sistemi Diellor
-logFile
Logs/AssetImportWorker0.log
-srvPort
57365
Successfully changed project path to: C:/Users/User/Desktop/master/Animacion Kompjuterik/unity/Sistemi Diellor
C:/Users/User/Desktop/master/Animacion Kompjuterik/unity/Sistemi Diellor
Using Asset Import Pipeline V2.
Refreshing native plugins compatible for Editor in 26.55 ms, found 0 plugins.
Preloading 0 native plugins for Editor in 0.00 ms.
Initialize engine version: 2020.2.7f1 (c53830e277f1)
[Subsystems] Discovering subsystems at path C:/Program Files/Unity/Hub/Editor/2020.2.7f1/Editor/Data/Resources/UnitySubsystems
[Subsystems] Discovering subsystems at path C:/Users/User/Desktop/master/Animacion Kompjuterik/unity/Sistemi Diellor/Assets
GfxDevice: creating device client; threaded=0
Direct3D:
    Version:  Direct3D 11.0 [level 11.1]
    Renderer: Radeon (TM) RX 550 (ID=0x699f)
    Vendor:   
    VRAM:     1995 MB
    Driver:   27.20.11022.8001
Initialize mono
Mono path[0] = 'C:/Program Files/Unity/Hub/Editor/2020.2.7f1/Editor/Data/Managed'
Mono path[1] = 'C:/Program Files/Unity/Hub/Editor/2020.2.7f1/Editor/Data/MonoBleedingEdge/lib/mono/unityjit'
Mono config path = 'C:/Program Files/Unity/Hub/Editor/2020.2.7f1/Editor/Data/MonoBleedingEdge/etc'
Using monoOptions --debugger-agent=transport=dt_socket,embedding=1,server=y,suspend=n,address=127.0.0.1:56664
Begin MonoManager ReloadAssembly
Registering precompiled unity dll's ...
Register platform support module: C:/Program Files/Unity/Hub/Editor/2020.2.7f1/Editor/Data/PlaybackEngines/WebGLSupport/UnityEditor.WebGL.Extensions.dll
Register platform support module: C:/Program Files/Unity/Hub/Editor/2020.2.7f1/Editor/Data/PlaybackEngines/MacStandaloneSupport/UnityEditor.OSXStandalone.Extensions.dll
Register platform support module: C:/Program Files/Unity/Hub/Editor/2020.2.7f1/Editor/Data/PlaybackEngines/WindowsStandaloneSupport/UnityEditor.WindowsStandalone.Extensions.dll
Registered in 0.002885 seconds.
Native extension for WindowsStandalone target not found
Native extension for OSXStandalone target not found
Native extension for WebGL target not found
Refreshing native plugins compatible for Editor in 21.44 ms, found 0 plugins.
Preloading 0 native plugins for Editor in 0.00 ms.
Invoked RoslynAnalysisRunner static constructor.
RoslynAnalysisRunner will not be running.
RoslynAnalysisRunner has terminated.
Mono: successfully reloaded assembly
- Completed reload, in  1.221 seconds
Platform modules already initialized, skipping
Registering precompiled user dll's ...
Registered in 0.000597 seconds.
Begin MonoManager ReloadAssembly
Native extension for WindowsStandalone target not found
Native extension for OSXStandalone target not found
Native extension for WebGL target not found
Refreshing native plugins compatible for Editor in 0.20 ms, found 0 plugins.
Preloading 0 native plugins for Editor in 0.00 ms.
Invoked RoslynAnalysisRunner static constructor.
RoslynAnalysisRunner will not be running.
RoslynAnalysisRunner has terminated.
Mono: successfully reloaded assembly
- Completed reload, in  0.923 seconds
Platform modules already initialized, skipping
========================================================================
Worker process is ready to serve import requests
Launched and connected shader compiler UnityShaderCompiler.exe after 0.05 seconds
Refreshing native plugins compatible for Editor in 0.23 ms, found 0 plugins.
Preloading 0 native plugins for Editor in 0.00 ms.
Unloading 1117 Unused Serialized files (Serialized files now loaded: 0)
System memory in use before: 57.3 MB.
System memory in use after: 57.3 MB.

Unloading 10 unused Assets to reduce memory usage. Loaded Objects now: 1561.
Total: 1.981600 ms (FindLiveObjects: 0.186100 ms CreateObjectMapping: 0.119700 ms MarkObjects: 1.560700 ms  DeleteObjects: 0.113500 ms)

========================================================================
Received Import Request.
  path: Assets/Materials/Materiali Kometes.mat
  artifactKey: Guid(ce8b1784114596e44a9542112d22e678) Importer(815301076,1909f56bfc062723c751e8b465ee728b)
Start importing Assets/Materials/Materiali Kometes.mat using Guid(ce8b1784114596e44a9542112d22e678) Importer(815301076,1909f56bfc062723c751e8b465ee728b)  -> (artifact id: '64608616f49568b11ff5944885560893') in 0.237481 seconds
  Import took 0.241709 seconds .

========================================================================
Received Import Request.
  Time since last request: 0.000304 seconds.
  path: Assets/Materials/Materiali Tokes.mat
  artifactKey: Guid(2059438fe3b4c934bbf1899f577a148d) Importer(815301076,1909f56bfc062723c751e8b465ee728b)
Start importing Assets/Materials/Materiali Tokes.mat using Guid(2059438fe3b4c934bbf1899f577a148d) Importer(815301076,1909f56bfc062723c751e8b465ee728b)  -> (artifact id: '307a905a2c9972ed763bea11fe53bf9b') in 0.133273 seconds
  Import took 0.173344 seconds .

========================================================================
Received Import Request.
  Time since last request: 0.001074 seconds.
  path: Assets/Materials/Materiali Diellit.mat
  artifactKey: Guid(a927dc3fe9ad09e47ba2f223cf1467ce) Importer(815301076,1909f56bfc062723c751e8b465ee728b)
Start importing Assets/Materials/Materiali Diellit.mat using Guid(a927dc3fe9ad09e47ba2f223cf1467ce) Importer(815301076,1909f56bfc062723c751e8b465ee728b)  -> (artifact id: '55ef056a8ef59bc3bdf7908c048733c5') in 0.030022 seconds
  Import took 0.043382 seconds .

========================================================================
Received Import Request.
  Time since last request: 0.000598 seconds.
  path: Assets/Materials/Materiali Henes.mat
  artifactKey: Guid(6afc1f5eb5962fd4baaec47c1e7fea2a) Importer(815301076,1909f56bfc062723c751e8b465ee728b)
Start importing Assets/Materials/Materiali Henes.mat using Guid(6afc1f5eb5962fd4baaec47c1e7fea2a) Importer(815301076,1909f56bfc062723c751e8b465ee728b)  -> (artifact id: '4f4af9b223599697c8ad040a5e07b22e') in 0.024661 seconds
  Import took 0.030709 seconds .

========================================================================
Received Import Request.
  Time since last request: 0.000341 seconds.
  path: Assets/Materials/Skybox Material.mat
  artifactKey: Guid(26e77d98ccb17af428539c232b9e36d4) Importer(815301076,1909f56bfc062723c751e8b465ee728b)
Start importing Assets/Materials/Skybox Material.mat using Guid(26e77d98ccb17af428539c232b9e36d4) Importer(815301076,1909f56bfc062723c751e8b465ee728b)  -> (artifact id: 'b064ff0271b786ed5ec0573c55c8aa08') in 0.025862 seconds
  Import took 0.029748 seconds .

========================================================================
Received Prepare
Registering precompiled user dll's ...
Registered in 0.000741 seconds.
Begin MonoManager ReloadAssembly
Native extension for WindowsStandalone target not found
Native extension for OSXStandalone target not found
Native extension for WebGL target not found
Refreshing native plugins compatible for Editor in 0.25 ms, found 0 plugins.
Preloading 0 native plugins for Editor in 0.00 ms.
Invoked RoslynAnalysisRunner static constructor.
RoslynAnalysisRunner will not be running.
RoslynAnalysisRunner has terminated.
Mono: successfully reloaded assembly
- Completed reload, in  0.834 seconds
Platform modules already initialized, skipping
Refreshing native plugins compatible for Editor in 0.20 ms, found 0 plugins.
Preloading 0 native plugins for Editor in 0.00 ms.
Unloading 1112 Unused Serialized files (Serialized files now loaded: 0)
System memory in use before: 60.6 MB.
System memory in use after: 60.6 MB.

Unloading 5 unused Assets to reduce memory usage. Loaded Objects now: 1604.
Total: 1.809100 ms (FindLiveObjects: 0.155800 ms CreateObjectMapping: 0.043800 ms MarkObjects: 1.565100 ms  DeleteObjects: 0.043500 ms)

========================================================================
Received Prepare
Registering precompiled user dll's ...
Registered in 0.002238 seconds.
Begin MonoManager ReloadAssembly
Native extension for WindowsStandalone target not found
Native extension for OSXStandalone target not found
Native extension for WebGL target not found
Refreshing native plugins compatible for Editor in 0.23 ms, found 0 plugins.
Preloading 0 native plugins for Editor in 0.00 ms.
Invoked RoslynAnalysisRunner static constructor.
RoslynAnalysisRunner will not be running.
RoslynAnalysisRunner has terminated.
Mono: successfully reloaded assembly
- Completed reload, in  0.947 seconds
Platform modules already initialized, skipping
Refreshing native plugins compatible for Editor in 0.21 ms, found 0 plugins.
Preloading 0 native plugins for Editor in 0.00 ms.
Unloading 1112 Unused Serialized files (Serialized files now loaded: 0)
System memory in use before: 60.6 MB.
System memory in use after: 60.7 MB.

Unloading 5 unused Assets to reduce memory usage. Loaded Objects now: 1607.
Total: 2.487600 ms (FindLiveObjects: 0.261800 ms CreateObjectMapping: 0.084600 ms MarkObjects: 2.083300 ms  DeleteObjects: 0.056900 ms)

========================================================================
Received Prepare
Registering precompiled user dll's ...
Registered in 0.000723 seconds.
Begin MonoManager ReloadAssembly
Native extension for WindowsStandalone target not found
Native extension for OSXStandalone target not found
Native extension for WebGL target not found
Refreshing native plugins compatible for Editor in 0.28 ms, found 0 plugins.
Preloading 0 native plugins for Editor in 0.00 ms.
Invoked RoslynAnalysisRunner static constructor.
RoslynAnalysisRunner will not be running.
RoslynAnalysisRunner has terminated.
Mono: successfully reloaded assembly
- Completed reload, in  1.044 seconds
Platform modules already initialized, skipping
Refreshing native plugins compatible for Editor in 0.23 ms, found 0 plugins.
Preloading 0 native plugins for Editor in 0.00 ms.
Unloading 1112 Unused Serialized files (Serialized files now loaded: 0)
System memory in use before: 60.6 MB.
System memory in use after: 60.7 MB.

Unloading 5 unused Assets to reduce memory usage. Loaded Objects now: 1610.
Total: 3.388900 ms (FindLiveObjects: 0.233200 ms CreateObjectMapping: 0.067500 ms MarkObjects: 3.021800 ms  DeleteObjects: 0.062900 ms)

========================================================================
Received Import Request.
  Time since last request: 909.946789 seconds.
  path: Assets/Sounds/dronehum.aif
  artifactKey: Guid(7f56454b46fe4094c872c2a6c226f16f) Importer(815301076,1909f56bfc062723c751e8b465ee728b)
Start importing Assets/Sounds/dronehum.aif using Guid(7f56454b46fe4094c872c2a6c226f16f) Importer(815301076,1909f56bfc062723c751e8b465ee728b)  -> (artifact id: '692f157a057435896d7a0c30d407e063') in 0.093940 seconds
  Import took 0.097103 seconds .

========================================================================
Received Import Request.
  Time since last request: 0.467160 seconds.
  path: Assets/Sounds/dronedarkandscary.aif
  artifactKey: Guid(5948cd50fd28e57458628b45c6cae500) Importer(815301076,1909f56bfc062723c751e8b465ee728b)
Start importing Assets/Sounds/dronedarkandscary.aif using Guid(5948cd50fd28e57458628b45c6cae500) Importer(815301076,1909f56bfc062723c751e8b465ee728b)  -> (artifact id: '3e4f609f6d41ab6ad786c51ffa8e75b6') in 0.009030 seconds
  Import took 0.012257 seconds .

========================================================================
Received Prepare
Registering precompiled user dll's ...
Registered in 0.000783 seconds.
Begin MonoManager ReloadAssembly
Native extension for WindowsStandalone target not found
Native extension for OSXStandalone target not found
Native extension for WebGL target not found
Refreshing native plugins compatible for Editor in 0.41 ms, found 0 plugins.
Preloading 0 native plugins for Editor in 0.00 ms.
Invoked RoslynAnalysisRunner static constructor.
RoslynAnalysisRunner will not be running.
RoslynAnalysisRunner has terminated.
Mono: successfully reloaded assembly
- Completed reload, in  1.240 seconds
Platform modules already initialized, skipping
Refreshing native plugins compatible for Editor in 0.26 ms, found 0 plugins.
Preloading 0 native plugins for Editor in 0.00 ms.
Unloading 1112 Unused Serialized files (Serialized files now loaded: 0)
System memory in use before: 60.7 MB.
System memory in use after: 60.8 MB.

Unloading 5 unused Assets to reduce memory usage. Loaded Objects now: 1616.
Total: 2.375100 ms (FindLiveObjects: 0.225800 ms CreateObjectMapping: 0.068400 ms MarkObjects: 2.003600 ms  DeleteObjects: 0.075500 ms)

AssetImportWorkerClient::OnTransportError - code=2 error=End of file
